[23-Oct-2021 05:46:33 UTC] PHP Notice:  Undefined variable: result in /var/www/html/index.php on line 14
[23-Oct-2021 05:46:33 UTC] PHP Warning:  mysql_fetch_assoc() expects parameter 1 to be resource, null given in /var/www/html/index.php on line 14
[23-Oct-2021 05:46:33 UTC] PHP Notice:  Undefined index: post in /var/www/html/index.php on line 33
[23-Oct-2021 05:47:17 UTC] PHP Notice:  Undefined index: post in /var/www/html/index.php on line 30
[23-Oct-2021 05:51:24 UTC] PHP Notice:  Undefined index: post in /var/www/html/index.php on line 35
[23-Oct-2021 05:53:31 UTC] PHP Notice:  Undefined variable: conn in /var/www/html/index.php on line 17
[23-Oct-2021 05:53:31 UTC] PHP Warning:  mysql_query() expects parameter 2 to be resource, null given in /var/www/html/index.php on line 17
[23-Oct-2021 05:53:31 UTC] PHP Warning:  mysql_fetch_assoc() expects parameter 1 to be resource, null given in /var/www/html/index.php on line 23
[23-Oct-2021 05:53:31 UTC] PHP Notice:  Undefined index: post in /var/www/html/index.php on line 37
[23-Oct-2021 05:54:38 UTC] PHP Notice:  Undefined variable: conn in /var/www/html/index.php on line 17
[23-Oct-2021 05:54:38 UTC] PHP Warning:  mysql_query() expects parameter 2 to be resource, null given in /var/www/html/index.php on line 17
[23-Oct-2021 05:54:38 UTC] PHP Warning:  mysql_fetch_assoc() expects parameter 1 to be resource, null given in /var/www/html/index.php on line 23
[23-Oct-2021 05:54:38 UTC] PHP Notice:  Undefined index: post in /var/www/html/index.php on line 43
[23-Oct-2021 05:55:42 UTC] PHP Notice:  Undefined variable: conn in /var/www/html/index.php on line 17
[23-Oct-2021 05:55:42 UTC] PHP Warning:  mysql_query() expects parameter 2 to be resource, null given in /var/www/html/index.php on line 17
[23-Oct-2021 05:55:42 UTC] PHP Warning:  mysql_fetch_assoc() expects parameter 1 to be resource, null given in /var/www/html/index.php on line 22
[23-Oct-2021 05:55:42 UTC] PHP Notice:  Undefined index: post in /var/www/html/index.php on line 42
[23-Oct-2021 05:57:19 UTC] PHP Notice:  Undefined variable: conn in /var/www/html/index.php on line 17
[23-Oct-2021 05:57:19 UTC] PHP Warning:  mysql_query() expects parameter 2 to be resource, null given in /var/www/html/index.php on line 17
[23-Oct-2021 05:57:19 UTC] PHP Warning:  mysql_fetch_assoc() expects parameter 1 to be resource, null given in /var/www/html/index.php on line 23
[23-Oct-2021 05:57:19 UTC] PHP Notice:  Undefined index: post in /var/www/html/index.php on line 43
[23-Oct-2021 05:58:21 UTC] PHP Notice:  Undefined variable: conn in /var/www/html/index.php on line 17
[23-Oct-2021 05:58:21 UTC] PHP Warning:  mysql_query() expects parameter 2 to be resource, null given in /var/www/html/index.php on line 17
[23-Oct-2021 05:58:21 UTC] PHP Warning:  mysql_fetch_assoc() expects parameter 1 to be resource, null given in /var/www/html/index.php on line 25
[23-Oct-2021 05:58:21 UTC] PHP Notice:  Undefined index: post in /var/www/html/index.php on line 50
[23-Oct-2021 06:00:57 UTC] PHP Notice:  Undefined variable: conn in /var/www/html/index.php on line 17
[23-Oct-2021 06:00:57 UTC] PHP Warning:  mysql_query() expects parameter 2 to be resource, null given in /var/www/html/index.php on line 17
[23-Oct-2021 06:00:57 UTC] PHP Warning:  mysql_fetch_assoc() expects parameter 1 to be resource, null given in /var/www/html/index.php on line 27
[23-Oct-2021 06:00:57 UTC] PHP Notice:  Undefined index: post in /var/www/html/index.php on line 52
[23-Oct-2021 06:01:37 UTC] PHP Notice:  Undefined variable: conn in /var/www/html/index.php on line 17
[23-Oct-2021 06:01:37 UTC] PHP Warning:  mysql_query() expects parameter 2 to be resource, null given in /var/www/html/index.php on line 17
[23-Oct-2021 06:01:37 UTC] PHP Warning:  mysql_fetch_assoc() expects parameter 1 to be resource, null given in /var/www/html/index.php on line 27
[23-Oct-2021 06:01:37 UTC] PHP Notice:  Undefined index: post in /var/www/html/index.php on line 52
[23-Oct-2021 06:02:45 UTC] PHP Notice:  Undefined variable: conn in /var/www/html/index.php on line 17
[23-Oct-2021 06:02:45 UTC] PHP Warning:  mysql_query() expects parameter 2 to be resource, null given in /var/www/html/index.php on line 17
[23-Oct-2021 06:02:45 UTC] PHP Warning:  mysql_fetch_assoc() expects parameter 1 to be resource, null given in /var/www/html/index.php on line 24
[23-Oct-2021 06:02:45 UTC] PHP Notice:  Undefined index: post in /var/www/html/index.php on line 49
[23-Oct-2021 06:04:01 UTC] PHP Notice:  Undefined index: post in /var/www/html/index.php on line 49
[23-Oct-2021 21:07:00 UTC] PHP Parse error:  syntax error, unexpected end of file in /var/www/html/index.php on line 65
[23-Oct-2021 21:40:28 UTC] PHP Warning:  strtotime(): It is not safe to rely on the system's timezone settings. You are *required* to use the date.timezone setting or the date_default_timezone_set() function. In case you used any of those methods and you are still getting this warning, you most likely misspelled the timezone identifier. We selected the timezone 'UTC' for now, but please set date.timezone to select your timezone. in /var/www/html/index.php on line 30
[23-Oct-2021 21:40:28 UTC] PHP Warning:  date(): It is not safe to rely on the system's timezone settings. You are *required* to use the date.timezone setting or the date_default_timezone_set() function. In case you used any of those methods and you are still getting this warning, you most likely misspelled the timezone identifier. We selected the timezone 'UTC' for now, but please set date.timezone to select your timezone. in /var/www/html/index.php on line 30
[23-Oct-2021 21:40:28 UTC] PHP Warning:  mysql_fetch_row() expects parameter 1 to be resource, boolean given in /var/www/html/index.php on line 22
[23-Oct-2021 21:40:28 UTC] PHP Notice:  Undefined index: post in /var/www/html/index.php on line 40
[26-Oct-2021 00:35:37 UTC] PHP Parse error:  syntax error, unexpected 'width' (T_STRING) in /var/www/html/posts.php on line 93
[26-Oct-2021 02:02:40 UTC] PHP Fatal error:  Call to undefined function password_hash() in /var/www/html/signin.php on line 3
[26-Oct-2021 02:03:26 UTC] PHP Fatal error:  Call to undefined function password_hash() in /var/www/html/signin.php on line 3
[29-Oct-2021 02:12:18 UTC] PHP Warning:  openssl_x509_parse(): illegal ASN1 data type for timestamp in - on line 4
[29-Oct-2021 02:36:18 UTC] PHP Warning:  Unsupported declare 'strict_types' in /var/www/html/authentication.php on line 3
[29-Oct-2021 02:36:18 UTC] PHP Parse error:  syntax error, unexpected ';' in /var/www/html/authentication.php on line 10
[29-Oct-2021 02:37:02 UTC] PHP Warning:  Unsupported declare 'strict_types' in /var/www/html/authentication.php on line 3
[29-Oct-2021 02:40:16 UTC] PHP Warning:  Unsupported declare 'strict_types' in /var/www/html/authentication.php on line 3
[29-Oct-2021 02:40:29 UTC] PHP Warning:  Unsupported declare 'strict_types' in /var/www/html/authentication.php on line 3
[29-Oct-2021 02:52:59 UTC] PHP Warning:  Unsupported declare 'strict_types' in /var/www/html/authentication.php on line 3
[29-Oct-2021 02:52:59 UTC] PHP Parse error:  syntax error, unexpected '$issuedAt' (T_VARIABLE) in /var/www/html/authentication.php on line 14
[29-Oct-2021 02:53:32 UTC] PHP Warning:  Unsupported declare 'strict_types' in /var/www/html/authentication.php on line 3
[29-Oct-2021 02:53:32 UTC] PHP Parse error:  syntax error, unexpected '$issuedAt' (T_VARIABLE) in /var/www/html/authentication.php on line 14
[29-Oct-2021 02:53:47 UTC] PHP Warning:  Unsupported declare 'strict_types' in /var/www/html/authentication.php on line 3
[29-Oct-2021 02:54:01 UTC] PHP Warning:  Unsupported declare 'strict_types' in /var/www/html/authentication.php on line 3
[29-Oct-2021 02:56:19 UTC] PHP Warning:  Unsupported declare 'strict_types' in /var/www/html/authentication.php on line 3
[29-Oct-2021 04:11:28 UTC] PHP Warning:  Unsupported declare 'strict_types' in /var/www/html/authentication.php on line 3
[29-Oct-2021 04:11:28 UTC] PHP Parse error:  syntax error, unexpected '$issuedAt' (T_VARIABLE) in /var/www/html/authentication.php on line 14
[29-Oct-2021 04:11:41 UTC] PHP Warning:  Unsupported declare 'strict_types' in /var/www/html/authentication.php on line 3
[29-Oct-2021 04:11:41 UTC] PHP Fatal error:  Class 'DateTimeImmutable' not found in /var/www/html/authentication.php on line 14
[29-Oct-2021 04:17:07 UTC] PHP Warning:  Unsupported declare 'strict_types' in /var/www/html/authentication.php on line 3
[29-Oct-2021 04:17:07 UTC] PHP Fatal error:  Class 'date' not found in /var/www/html/authentication.php on line 14
[29-Oct-2021 04:18:41 UTC] PHP Warning:  Unsupported declare 'strict_types' in /var/www/html/authentication.php on line 3
[29-Oct-2021 04:18:41 UTC] PHP Fatal error:  Uncaught exception 'Exception' with message 'DateTime::__construct(): It is not safe to rely on the system's timezone settings. You are *required* to use the date.timezone setting or the date_default_timezone_set() function. In case you used any of those methods and you are still getting this warning, you most likely misspelled the timezone identifier. We selected the timezone 'UTC' for now, but please set date.timezone to select your timezone.' in /var/www/html/authentication.php:14
Stack trace:
#0 /var/www/html/authentication.php(14): DateTime->__construct()
#1 {main}
  thrown in /var/www/html/authentication.php on line 14
[29-Oct-2021 04:20:48 UTC] PHP Warning:  Unsupported declare 'strict_types' in /var/www/html/authentication.php on line 3
[29-Oct-2021 04:20:48 UTC] PHP Fatal error:  Uncaught exception 'Exception' with message 'DateTime::__construct(): It is not safe to rely on the system's timezone settings. You are *required* to use the date.timezone setting or the date_default_timezone_set() function. In case you used any of those methods and you are still getting this warning, you most likely misspelled the timezone identifier. We selected the timezone 'UTC' for now, but please set date.timezone to select your timezone.' in /var/www/html/authentication.php:14
Stack trace:
#0 /var/www/html/authentication.php(14): DateTime->__construct('NOW')
#1 {main}
  thrown in /var/www/html/authentication.php on line 14
[29-Oct-2021 04:23:39 UTC] PHP Warning:  Unsupported declare 'strict_types' in /var/www/html/authentication.php on line 3
[29-Oct-2021 04:23:39 UTC] PHP Fatal error:  Uncaught exception 'Exception' with message 'DateTime::__construct(): It is not safe to rely on the system's timezone settings. You are *required* to use the date.timezone setting or the date_default_timezone_set() function. In case you used any of those methods and you are still getting this warning, you most likely misspelled the timezone identifier. We selected the timezone 'UTC' for now, but please set date.timezone to select your timezone.' in /var/www/html/authentication.php:14
Stack trace:
#0 /var/www/html/authentication.php(14): DateTime->__construct('NOW')
#1 {main}
  thrown in /var/www/html/authentication.php on line 14
[29-Oct-2021 04:24:12 UTC] PHP Warning:  Unsupported declare 'strict_types' in /var/www/html/authentication.php on line 3
[29-Oct-2021 04:24:12 UTC] PHP Fatal error:  Uncaught exception 'Exception' with message 'DateTime::__construct(): It is not safe to rely on the system's timezone settings. You are *required* to use the date.timezone setting or the date_default_timezone_set() function. In case you used any of those methods and you are still getting this warning, you most likely misspelled the timezone identifier. We selected the timezone 'UTC' for now, but please set date.timezone to select your timezone.' in /var/www/html/authentication.php:14
Stack trace:
#0 /var/www/html/authentication.php(14): DateTime->__construct('NOW')
#1 {main}
  thrown in /var/www/html/authentication.php on line 14
[29-Oct-2021 04:24:36 UTC] PHP Warning:  Unsupported declare 'strict_types' in /var/www/html/authentication.php on line 3
[29-Oct-2021 04:25:18 UTC] PHP Warning:  Unsupported declare 'strict_types' in /var/www/html/authentication.php on line 3
[29-Oct-2021 04:27:53 UTC] PHP Warning:  Unsupported declare 'strict_types' in /var/www/html/authentication.php on line 3
[29-Oct-2021 04:28:17 UTC] PHP Warning:  Unsupported declare 'strict_types' in /var/www/html/authentication.php on line 3
[29-Oct-2021 04:28:48 UTC] PHP Warning:  Unsupported declare 'strict_types' in /var/www/html/authentication.php on line 3
[29-Oct-2021 04:29:33 UTC] PHP Warning:  Unsupported declare 'strict_types' in /var/www/html/authentication.php on line 3
[29-Oct-2021 09:59:33 Asia/Calcutta] PHP Fatal error:  Call to undefined function random_bytes() in /var/www/html/authentication.php on line 19
[29-Oct-2021 04:29:52 UTC] PHP Warning:  Unsupported declare 'strict_types' in /var/www/html/authentication.php on line 3
[29-Oct-2021 04:29:52 UTC] PHP Fatal error:  Call to undefined function random_bytes() in /var/www/html/authentication.php on line 18
[29-Oct-2021 04:31:36 UTC] PHP Warning:  Unsupported declare 'strict_types' in /var/www/html/authentication.php on line 3
[29-Oct-2021 04:32:01 UTC] PHP Warning:  Unsupported declare 'strict_types' in /var/www/html/authentication.php on line 3
[29-Oct-2021 04:32:01 UTC] PHP Fatal error:  Class 'Firebase\JWT\JWT' not found in /var/www/html/authentication.php on line 34
[29-Oct-2021 04:33:04 UTC] PHP Warning:  Unsupported declare 'strict_types' in /var/www/html/authentication.php on line 3
[29-Oct-2021 04:33:04 UTC] PHP Notice:  Array to string conversion in /var/www/html/authentication.php on line 33
[29-Oct-2021 04:33:04 UTC] PHP Fatal error:  Class 'Firebase\JWT\JWT' not found in /var/www/html/authentication.php on line 35
[29-Oct-2021 04:33:50 UTC] PHP Warning:  openssl_x509_parse(): illegal ASN1 data type for timestamp in - on line 4
[29-Oct-2021 04:33:57 UTC] PHP Warning:  Unsupported declare 'strict_types' in /var/www/html/authentication.php on line 3
[29-Oct-2021 04:33:57 UTC] PHP Notice:  Array to string conversion in /var/www/html/authentication.php on line 33
[29-Oct-2021 04:33:57 UTC] PHP Fatal error:  Class 'Firebase\JWT\JWT' not found in /var/www/html/authentication.php on line 35
[29-Oct-2021 04:42:51 UTC] PHP Warning:  Unsupported declare 'strict_types' in /var/www/html/authentication.php on line 5
[29-Oct-2021 04:42:51 UTC] PHP Notice:  Array to string conversion in /var/www/html/authentication.php on line 35
[29-Oct-2021 04:48:54 UTC] PHP Warning:  Unsupported declare 'strict_types' in /var/www/html/authentication.php on line 5
[29-Oct-2021 04:48:54 UTC] PHP Notice:  Array to string conversion in /var/www/html/authentication.php on line 35
[29-Oct-2021 04:48:54 UTC] PHP Fatal error:  Uncaught exception 'Firebase\JWT\BeforeValidException' with message 'Cannot handle token prior to 2021-10-29T04:54:54+0000' in /var/www/html/vendor/firebase/php-jwt/src/JWT.php:133
Stack trace:
#0 /var/www/html/authentication.php(54): Firebase\JWT\JWT::decode('eyJ0eXAiOiJKV1Q...', Resource id #33, Array)
#1 {main}
  thrown in /var/www/html/vendor/firebase/php-jwt/src/JWT.php on line 133
[29-Oct-2021 04:49:44 UTC] PHP Warning:  Unsupported declare 'strict_types' in /var/www/html/authentication.php on line 5
[29-Oct-2021 04:49:44 UTC] PHP Notice:  Array to string conversion in /var/www/html/authentication.php on line 35
[29-Oct-2021 04:49:44 UTC] PHP Fatal error:  Uncaught exception 'Firebase\JWT\BeforeValidException' with message 'Cannot handle token prior to 2021-10-29T04:55:44+0000' in /var/www/html/vendor/firebase/php-jwt/src/JWT.php:142
Stack trace:
#0 /var/www/html/authentication.php(54): Firebase\JWT\JWT::decode('eyJ0eXAiOiJKV1Q...', Resource id #33, Array)
#1 {main}
  thrown in /var/www/html/vendor/firebase/php-jwt/src/JWT.php on line 142
[29-Oct-2021 04:50:27 UTC] PHP Warning:  Unsupported declare 'strict_types' in /var/www/html/authentication.php on line 5
[29-Oct-2021 04:50:27 UTC] PHP Notice:  Array to string conversion in /var/www/html/authentication.php on line 35
[29-Oct-2021 04:50:27 UTC] PHP Fatal error:  Uncaught exception 'Firebase\JWT\BeforeValidException' with message 'Cannot handle token prior to 2021-10-29T04:56:27+0000' in /var/www/html/vendor/firebase/php-jwt/src/JWT.php:142
Stack trace:
#0 /var/www/html/authentication.php(54): Firebase\JWT\JWT::decode('eyJ0eXAiOiJKV1Q...', Resource id #33, Array)
#1 {main}
  thrown in /var/www/html/vendor/firebase/php-jwt/src/JWT.php on line 142
[29-Oct-2021 04:52:35 UTC] PHP Warning:  Unsupported declare 'strict_types' in /var/www/html/authentication.php on line 5
[29-Oct-2021 04:52:35 UTC] PHP Notice:  Array to string conversion in /var/www/html/authentication.php on line 36
[29-Oct-2021 04:52:35 UTC] PHP Catchable fatal error:  Object of class stdClass could not be converted to string in /var/www/html/authentication.php on line 57
[29-Oct-2021 04:53:13 UTC] PHP Warning:  Unsupported declare 'strict_types' in /var/www/html/authentication.php on line 5
[29-Oct-2021 04:53:13 UTC] PHP Notice:  Array to string conversion in /var/www/html/authentication.php on line 36
[29-Oct-2021 19:58:52 UTC] PHP Warning:  Unsupported declare 'strict_types' in /var/www/html/authentication.php on line 5
[29-Oct-2021 19:58:53 UTC] PHP Notice:  Array to string conversion in /var/www/html/authentication.php on line 37
